# JRE version: Java(TM) SE Runtime Environment (7.0_67-b01) (build 1.7.0_67-b01)
# Java VM: Java HotSpot(TM) 64-Bit Server VM (24.65-b04 mixed mode windows-amd64 compressed oops)
Heap
 PSYoungGen      total 943616K, used 3979K [0x00000007ab400000, 0x00000007f7f00000, 0x0000000800000000)
  eden space 896512K, 0% used [0x00000007ab400000,0x00000007ab7e2ca0,0x00000007e1f80000)
  from space 47104K, 0% used [0x00000007f2300000,0x00000007f2300000,0x00000007f5100000)
  to   space 45568K, 0% used [0x00000007f5280000,0x00000007f5280000,0x00000007f7f00000)
 ParOldGen       total 753664K, used 79893K [0x0000000701c00000, 0x000000072fc00000, 0x00000007ab400000)
  object space 753664K, 10% used [0x0000000701c00000,0x0000000706a055f0,0x000000072fc00000)
 PSPermGen       total 83968K, used 83968K [0x00000006fca00000, 0x0000000701c00000, 0x0000000701c00000)
  object space 83968K, 100% used [0x00000006fca00000,0x0000000701c00000,0x0000000701c00000)
GC Heap History (10 events):
Event: 364.766 GC heap before
{Heap before GC invocations=25 (full 4):
 PSYoungGen      total 936960K, used 0K [0x00000007ab400000, 0x00000007fad80000, 0x0000000800000000)
  eden space 887808K, 0% used [0x00000007ab400000,0x00000007ab400000,0x00000007e1700000)
  from space 49152K, 0% used [0x00000007f4d80000,0x00000007f4d80000,0x00000007f7d80000)
  to   space 48128K, 0% used [0x00000007f7e80000,0x00000007f7e80000,0x00000007fad80000)
 ParOldGen       total 326656K, used 91584K [0x0000000701c00000, 0x0000000715b00000, 0x00000007ab400000)
  object space 326656K, 28% used [0x0000000701c00000,0x0000000707570178,0x0000000715b00000)
 PSPermGen       total 83968K, used 83967K [0x00000006fca00000, 0x0000000701c00000, 0x0000000701c00000)
  object space 83968K, 99% used [0x00000006fca00000,0x0000000701bfffb0,0x0000000701c00000)
Event: 365.282 GC heap after
Heap after GC invocations=25 (full 4):
 PSYoungGen      total 936960K, used 0K [0x00000007ab400000, 0x00000007fad80000, 0x0000000800000000)
  eden space 887808K, 0% used [0x00000007ab400000,0x00000007ab400000,0x00000007e1700000)
  from space 49152K, 0% used [0x00000007f4d80000,0x00000007f4d80000,0x00000007f7d80000)
  to   space 48128K, 0% used [0x00000007f7e80000,0x00000007f7e80000,0x00000007fad80000)
 ParOldGen       total 438784K, used 79893K [0x0000000701c00000, 0x000000071c880000, 0x00000007ab400000)
  object space 438784K, 18% used [0x0000000701c00000,0x0000000706a055f0,0x000000071c880000)
 PSPermGen       total 83968K, used 83967K [0x00000006fca00000, 0x0000000701c00000, 0x0000000701c00000)
  object space 83968K, 99% used [0x00000006fca00000,0x0000000701bfff80,0x0000000701c00000)
}
Event: 365.283 GC heap before
{Heap before GC invocations=26 (full 4):
 PSYoungGen      total 936960K, used 3940K [0x00000007ab400000, 0x00000007fad80000, 0x0000000800000000)
  eden space 887808K, 0% used [0x00000007ab400000,0x00000007ab7d9218,0x00000007e1700000)
  from space 49152K, 0% used [0x00000007f4d80000,0x00000007f4d80000,0x00000007f7d80000)
  to   space 48128K, 0% used [0x00000007f7e80000,0x00000007f7e80000,0x00000007fad80000)
 ParOldGen       total 438784K, used 79893K [0x0000000701c00000, 0x000000071c880000, 0x00000007ab400000)
  object space 438784K, 18% used [0x0000000701c00000,0x0000000706a055f0,0x000000071c880000)
 PSPermGen       total 83968K, used 83968K [0x00000006fca00000, 0x0000000701c00000, 0x0000000701c00000)
  object space 83968K, 100% used [0x00000006fca00000,0x0000000701c00000,0x0000000701c00000)
Event: 365.289 GC heap after
Heap after GC invocations=26 (full 4):
 PSYoungGen      total 892416K, used 32K [0x00000007ab400000, 0x00000007f7f00000, 0x0000000800000000)
  eden space 891904K, 0% used [0x00000007ab400000,0x00000007ab400000,0x00000007e1b00000)
  from space 512K, 6% used [0x00000007f7e80000,0x00000007f7e88000,0x00000007f7f00000)
  to   space 47104K, 0% used [0x00000007f2300000,0x00000007f2300000,0x00000007f5100000)
 ParOldGen       total 438784K, used 79893K [0x0000000701c00000, 0x000000071c880000, 0x00000007ab400000)
  object space 438784K, 18% used [0x0000000701c00000,0x0000000706a055f0,0x000000071c880000)
 PSPermGen       total 83968K, used 83968K [0x00000006fca00000, 0x0000000701c00000, 0x0000000701c00000)
  object space 83968K, 100% used [0x00000006fca00000,0x0000000701c00000,0x0000000701c00000)
}
Event: 365.289 GC heap before
{Heap before GC invocations=27 (full 5):
 PSYoungGen      total 892416K, used 32K [0x00000007ab400000, 0x00000007f7f00000, 0x0000000800000000)
  eden space 891904K, 0% used [0x00000007ab400000,0x00000007ab400000,0x00000007e1b00000)
  from space 512K, 6% used [0x00000007f7e80000,0x00000007f7e88000,0x00000007f7f00000)
  to   space 47104K, 0% used [0x00000007f2300000,0x00000007f2300000,0x00000007f5100000)
 ParOldGen       total 438784K, used 79893K [0x0000000701c00000, 0x000000071c880000, 0x00000007ab400000)
  object space 438784K, 18% used [0x0000000701c00000,0x0000000706a055f0,0x000000071c880000)
 PSPermGen       total 83968K, used 83968K [0x00000006fca00000, 0x0000000701c00000, 0x0000000701c00000)
  object space 83968K, 100% used [0x00000006fca00000,0x0000000701c00000,0x0000000701c00000)
Event: 365.506 GC heap after
Heap after GC invocations=27 (full 5):
 PSYoungGen      total 892416K, used 0K [0x00000007ab400000, 0x00000007f7f00000, 0x0000000800000000)
  eden space 891904K, 0% used [0x00000007ab400000,0x00000007ab400000,0x00000007e1b00000)
  from space 512K, 0% used [0x00000007f7e80000,0x00000007f7e80000,0x00000007f7f00000)
  to   space 47104K, 0% used [0x00000007f2300000,0x00000007f2300000,0x00000007f5100000)
 ParOldGen       total 569856K, used 79893K [0x0000000701c00000, 0x0000000724880000, 0x00000007ab400000)
  object space 569856K, 14% used [0x0000000701c00000,0x0000000706a055f0,0x0000000724880000)
 PSPermGen       total 83968K, used 83968K [0x00000006fca00000, 0x0000000701c00000, 0x0000000701c00000)
  object space 83968K, 100% used [0x00000006fca00000,0x0000000701c00000,0x0000000701c00000)
}
Event: 365.507 GC heap before
{Heap before GC invocations=28 (full 5):
 PSYoungGen      total 892416K, used 0K [0x00000007ab400000, 0x00000007f7f00000, 0x0000000800000000)
  eden space 891904K, 0% used [0x00000007ab400000,0x00000007ab400000,0x00000007e1b00000)
  from space 512K, 0% used [0x00000007f7e80000,0x00000007f7e80000,0x00000007f7f00000)
  to   space 47104K, 0% used [0x00000007f2300000,0x00000007f2300000,0x00000007f5100000)
 ParOldGen       total 569856K, used 79893K [0x0000000701c00000, 0x0000000724880000, 0x00000007ab400000)
  object space 569856K, 14% used [0x0000000701c00000,0x0000000706a055f0,0x0000000724880000)
 PSPermGen       total 83968K, used 83968K [0x00000006fca00000, 0x0000000701c00000, 0x0000000701c00000)
  object space 83968K, 100% used [0x00000006fca00000,0x0000000701c00000,0x0000000701c00000)
Event: 365.510 GC heap after
Heap after GC invocations=28 (full 5):
 PSYoungGen      total 943616K, used 0K [0x00000007ab400000, 0x00000007f7f00000, 0x0000000800000000)
  eden space 896512K, 0% used [0x00000007ab400000,0x00000007ab400000,0x00000007e1f80000)
  from space 47104K, 0% used [0x00000007f2300000,0x00000007f2300000,0x00000007f5100000)
  to   space 45568K, 0% used [0x00000007f5280000,0x00000007f5280000,0x00000007f7f00000)
 ParOldGen       total 569856K, used 79893K [0x0000000701c00000, 0x0000000724880000, 0x00000007ab400000)
  object space 569856K, 14% used [0x0000000701c00000,0x0000000706a055f0,0x0000000724880000)
 PSPermGen       total 83968K, used 83968K [0x00000006fca00000, 0x0000000701c00000, 0x0000000701c00000)
  object space 83968K, 100% used [0x00000006fca00000,0x0000000701c00000,0x0000000701c00000)
}
Event: 365.510 GC heap before
{Heap before GC invocations=29 (full 6):
 PSYoungGen      total 943616K, used 0K [0x00000007ab400000, 0x00000007f7f00000, 0x0000000800000000)
  eden space 896512K, 0% used [0x00000007ab400000,0x00000007ab400000,0x00000007e1f80000)
  from space 47104K, 0% used [0x00000007f2300000,0x00000007f2300000,0x00000007f5100000)
  to   space 45568K, 0% used [0x00000007f5280000,0x00000007f5280000,0x00000007f7f00000)
 ParOldGen       total 569856K, used 79893K [0x0000000701c00000, 0x0000000724880000, 0x00000007ab400000)
  object space 569856K, 14% used [0x0000000701c00000,0x0000000706a055f0,0x0000000724880000)
 PSPermGen       total 83968K, used 83968K [0x00000006fca00000, 0x0000000701c00000, 0x0000000701c00000)
  object space 83968K, 100% used [0x00000006fca00000,0x0000000701c00000,0x0000000701c00000)
Event: 365.722 GC heap after
Heap after GC invocations=29 (full 6):
 PSYoungGen      total 943616K, used 0K [0x00000007ab400000, 0x00000007f7f00000, 0x0000000800000000)
  eden space 896512K, 0% used [0x00000007ab400000,0x00000007ab400000,0x00000007e1f80000)
  from space 47104K, 0% used [0x00000007f2300000,0x00000007f2300000,0x00000007f5100000)
  to   space 45568K, 0% used [0x00000007f5280000,0x00000007f5280000,0x00000007f7f00000)
 ParOldGen       total 753664K, used 79893K [0x0000000701c00000, 0x000000072fc00000, 0x00000007ab400000)
  object space 753664K, 10% used [0x0000000701c00000,0x0000000706a055f0,0x000000072fc00000)
 PSPermGen       total 83968K, used 83968K [0x00000006fca00000, 0x0000000701c00000, 0x0000000701c00000)
  object space 83968K, 100% used [0x00000006fca00000,0x0000000701c00000,0x0000000701c00000)
}

