# JRE version: Java(TM) SE Runtime Environment (7.0_67-b01) (build 1.7.0_67-b01)
# Java VM: Java HotSpot(TM) 64-Bit Server VM (24.65-b04 mixed mode windows-amd64 compressed oops)
Heap
 PSYoungGen      total 996864K, used 4212K [0x00000007ab400000, 0x00000007ead00000, 0x0000000800000000)
  eden space 955392K, 0% used [0x00000007ab400000,0x00000007ab81d150,0x00000007e5900000)
  from space 41472K, 0% used [0x00000007e8480000,0x00000007e8480000,0x00000007ead00000)
  to   space 43008K, 0% used [0x00000007e5900000,0x00000007e5900000,0x00000007e8300000)
 ParOldGen       total 945152K, used 80104K [0x0000000701c00000, 0x000000073b700000, 0x00000007ab400000)
  object space 945152K, 8% used [0x0000000701c00000,0x0000000706a3a260,0x000000073b700000)
 PSPermGen       total 83968K, used 83966K [0x00000006fca00000, 0x0000000701c00000, 0x0000000701c00000)
  object space 83968K, 99% used [0x00000006fca00000,0x0000000701bffbe8,0x0000000701c00000)
GC Heap History (10 events):
Event: 210.506 GC heap before
{Heap before GC invocations=26 (full 4):
 PSYoungGen      total 993792K, used 32K [0x00000007ab400000, 0x00000007ead80000, 0x0000000800000000)
  eden space 950784K, 0% used [0x00000007ab400000,0x00000007ab400000,0x00000007e5480000)
  from space 43008K, 0% used [0x00000007e8380000,0x00000007e8388000,0x00000007ead80000)
  to   space 45568K, 0% used [0x00000007e5480000,0x00000007e5480000,0x00000007e8100000)
 ParOldGen       total 370688K, used 80260K [0x0000000701c00000, 0x0000000718600000, 0x00000007ab400000)
  object space 370688K, 21% used [0x0000000701c00000,0x0000000706a612e8,0x0000000718600000)
 PSPermGen       total 83968K, used 83967K [0x00000006fca00000, 0x0000000701c00000, 0x0000000701c00000)
  object space 83968K, 99% used [0x00000006fca00000,0x0000000701bffee0,0x0000000701c00000)
Event: 210.969 GC heap after
Heap after GC invocations=26 (full 4):
 PSYoungGen      total 993792K, used 0K [0x00000007ab400000, 0x00000007ead80000, 0x0000000800000000)
  eden space 950784K, 0% used [0x00000007ab400000,0x00000007ab400000,0x00000007e5480000)
  from space 43008K, 0% used [0x00000007e8380000,0x00000007e8380000,0x00000007ead80000)
  to   space 45568K, 0% used [0x00000007e5480000,0x00000007e5480000,0x00000007e8100000)
 ParOldGen       total 532480K, used 80096K [0x0000000701c00000, 0x0000000722400000, 0x00000007ab400000)
  object space 532480K, 15% used [0x0000000701c00000,0x0000000706a382d8,0x0000000722400000)
 PSPermGen       total 83968K, used 83569K [0x00000006fca00000, 0x0000000701c00000, 0x0000000701c00000)
  object space 83968K, 99% used [0x00000006fca00000,0x0000000701b9c598,0x0000000701c00000)
}
Event: 211.013 GC heap before
{Heap before GC invocations=27 (full 4):
 PSYoungGen      total 993792K, used 17978K [0x00000007ab400000, 0x00000007ead80000, 0x0000000800000000)
  eden space 950784K, 1% used [0x00000007ab400000,0x00000007ac58e878,0x00000007e5480000)
  from space 43008K, 0% used [0x00000007e8380000,0x00000007e8380000,0x00000007ead80000)
  to   space 45568K, 0% used [0x00000007e5480000,0x00000007e5480000,0x00000007e8100000)
 ParOldGen       total 532480K, used 80096K [0x0000000701c00000, 0x0000000722400000, 0x00000007ab400000)
  object space 532480K, 15% used [0x0000000701c00000,0x0000000706a382d8,0x0000000722400000)
 PSPermGen       total 83968K, used 83966K [0x00000006fca00000, 0x0000000701c00000, 0x0000000701c00000)
  object space 83968K, 99% used [0x00000006fca00000,0x0000000701bffbe8,0x0000000701c00000)
Event: 211.017 GC heap after
Heap after GC invocations=27 (full 4):
 PSYoungGen      total 996352K, used 96K [0x00000007ab400000, 0x00000007eb000000, 0x0000000800000000)
  eden space 950784K, 0% used [0x00000007ab400000,0x00000007ab400000,0x00000007e5480000)
  from space 45568K, 0% used [0x00000007e5480000,0x00000007e5498000,0x00000007e8100000)
  to   space 44544K, 0% used [0x00000007e8480000,0x00000007e8480000,0x00000007eb000000)
 ParOldGen       total 532480K, used 80096K [0x0000000701c00000, 0x0000000722400000, 0x00000007ab400000)
  object space 532480K, 15% used [0x0000000701c00000,0x0000000706a382d8,0x0000000722400000)
 PSPermGen       total 83968K, used 83966K [0x00000006fca00000, 0x0000000701c00000, 0x0000000701c00000)
  object space 83968K, 99% used [0x00000006fca00000,0x0000000701bffbe8,0x0000000701c00000)
}
Event: 211.017 GC heap before
{Heap before GC invocations=28 (full 5):
 PSYoungGen      total 996352K, used 96K [0x00000007ab400000, 0x00000007eb000000, 0x0000000800000000)
  eden space 950784K, 0% used [0x00000007ab400000,0x00000007ab400000,0x00000007e5480000)
  from space 45568K, 0% used [0x00000007e5480000,0x00000007e5498000,0x00000007e8100000)
  to   space 44544K, 0% used [0x00000007e8480000,0x00000007e8480000,0x00000007eb000000)
 ParOldGen       total 532480K, used 80096K [0x0000000701c00000, 0x0000000722400000, 0x00000007ab400000)
  object space 532480K, 15% used [0x0000000701c00000,0x0000000706a382d8,0x0000000722400000)
 PSPermGen       total 83968K, used 83966K [0x00000006fca00000, 0x0000000701c00000, 0x0000000701c00000)
  object space 83968K, 99% used [0x00000006fca00000,0x0000000701bffbe8,0x0000000701c00000)
Event: 211.406 GC heap after
Heap after GC invocations=28 (full 5):
 PSYoungGen      total 996352K, used 0K [0x00000007ab400000, 0x00000007eb000000, 0x0000000800000000)
  eden space 950784K, 0% used [0x00000007ab400000,0x00000007ab400000,0x00000007e5480000)
  from space 45568K, 0% used [0x00000007e5480000,0x00000007e5480000,0x00000007e8100000)
  to   space 44544K, 0% used [0x00000007e8480000,0x00000007e8480000,0x00000007eb000000)
 ParOldGen       total 704512K, used 80105K [0x0000000701c00000, 0x000000072cc00000, 0x00000007ab400000)
  object space 704512K, 11% used [0x0000000701c00000,0x0000000706a3a458,0x000000072cc00000)
 PSPermGen       total 83968K, used 83966K [0x00000006fca00000, 0x0000000701c00000, 0x0000000701c00000)
  object space 83968K, 99% used [0x00000006fca00000,0x0000000701bffbe8,0x0000000701c00000)
}
Event: 211.406 GC heap before
{Heap before GC invocations=29 (full 5):
 PSYoungGen      total 996352K, used 0K [0x00000007ab400000, 0x00000007eb000000, 0x0000000800000000)
  eden space 950784K, 0% used [0x00000007ab400000,0x00000007ab400000,0x00000007e5480000)
  from space 45568K, 0% used [0x00000007e5480000,0x00000007e5480000,0x00000007e8100000)
  to   space 44544K, 0% used [0x00000007e8480000,0x00000007e8480000,0x00000007eb000000)
 ParOldGen       total 704512K, used 80105K [0x0000000701c00000, 0x000000072cc00000, 0x00000007ab400000)
  object space 704512K, 11% used [0x0000000701c00000,0x0000000706a3a458,0x000000072cc00000)
 PSPermGen       total 83968K, used 83966K [0x00000006fca00000, 0x0000000701c00000, 0x0000000701c00000)
  object space 83968K, 99% used [0x00000006fca00000,0x0000000701bffbe8,0x0000000701c00000)
Event: 211.410 GC heap after
Heap after GC invocations=29 (full 5):
 PSYoungGen      total 996864K, used 0K [0x00000007ab400000, 0x00000007ead00000, 0x0000000800000000)
  eden space 955392K, 0% used [0x00000007ab400000,0x00000007ab400000,0x00000007e5900000)
  from space 41472K, 0% used [0x00000007e8480000,0x00000007e8480000,0x00000007ead00000)
  to   space 43008K, 0% used [0x00000007e5900000,0x00000007e5900000,0x00000007e8300000)
 ParOldGen       total 704512K, used 80105K [0x0000000701c00000, 0x000000072cc00000, 0x00000007ab400000)
  object space 704512K, 11% used [0x0000000701c00000,0x0000000706a3a458,0x000000072cc00000)
 PSPermGen       total 83968K, used 83966K [0x00000006fca00000, 0x0000000701c00000, 0x0000000701c00000)
  object space 83968K, 99% used [0x00000006fca00000,0x0000000701bffbe8,0x0000000701c00000)
}
Event: 211.410 GC heap before
{Heap before GC invocations=30 (full 6):
 PSYoungGen      total 996864K, used 0K [0x00000007ab400000, 0x00000007ead00000, 0x0000000800000000)
  eden space 955392K, 0% used [0x00000007ab400000,0x00000007ab400000,0x00000007e5900000)
  from space 41472K, 0% used [0x00000007e8480000,0x00000007e8480000,0x00000007ead00000)
  to   space 43008K, 0% used [0x00000007e5900000,0x00000007e5900000,0x00000007e8300000)
 ParOldGen       total 704512K, used 80105K [0x0000000701c00000, 0x000000072cc00000, 0x00000007ab400000)
  object space 704512K, 11% used [0x0000000701c00000,0x0000000706a3a458,0x000000072cc00000)
 PSPermGen       total 83968K, used 83966K [0x00000006fca00000, 0x0000000701c00000, 0x0000000701c00000)
  object space 83968K, 99% used [0x00000006fca00000,0x0000000701bffbe8,0x0000000701c00000)
Event: 211.614 GC heap after
Heap after GC invocations=30 (full 6):
 PSYoungGen      total 996864K, used 0K [0x00000007ab400000, 0x00000007ead00000, 0x0000000800000000)
  eden space 955392K, 0% used [0x00000007ab400000,0x00000007ab400000,0x00000007e5900000)
  from space 41472K, 0% used [0x00000007e8480000,0x00000007e8480000,0x00000007ead00000)
  to   space 43008K, 0% used [0x00000007e5900000,0x00000007e5900000,0x00000007e8300000)
 ParOldGen       total 945152K, used 80104K [0x0000000701c00000, 0x000000073b700000, 0x00000007ab400000)
  object space 945152K, 8% used [0x0000000701c00000,0x0000000706a3a260,0x000000073b700000)
 PSPermGen       total 83968K, used 83966K [0x00000006fca00000, 0x0000000701c00000, 0x0000000701c00000)
  object space 83968K, 99% used [0x00000006fca00000,0x0000000701bffbe8,0x0000000701c00000)
}

